<!DOCTYPE html>
<html>
<head>
<meta http-equiv="Content-Type" content="text/html; charset=utf-8"/>
<meta http-equiv="x-ua-compatible" content="IE=edge"/>
<title>Test results - Class ru.stqa.pft.rest.RestAssuredTests</title>
<link href="../css/base-style.css" rel="stylesheet" type="text/css"/>
<link href="../css/style.css" rel="stylesheet" type="text/css"/>
<script src="../js/report.js" type="text/javascript"></script>
</head>
<body>
<div id="content">
<h1>Class ru.stqa.pft.rest.RestAssuredTests</h1>
<div class="breadcrumbs">
<a href="../index.html">all</a> &gt; 
<a href="../packages/ru.stqa.pft.rest.html">ru.stqa.pft.rest</a> &gt; RestAssuredTests</div>
<div id="summary">
<table>
<tr>
<td>
<div class="summaryGroup">
<table>
<tr>
<td>
<div class="infoBox" id="tests">
<div class="counter">2</div>
<p>tests</p>
</div>
</td>
<td>
<div class="infoBox" id="failures">
<div class="counter">2</div>
<p>failures</p>
</div>
</td>
<td>
<div class="infoBox" id="ignored">
<div class="counter">0</div>
<p>ignored</p>
</div>
</td>
<td>
<div class="infoBox" id="duration">
<div class="counter">12.590s</div>
<p>duration</p>
</div>
</td>
</tr>
</table>
</div>
</td>
<td>
<div class="infoBox failures" id="successRate">
<div class="percent">0%</div>
<p>successful</p>
</div>
</td>
</tr>
</table>
</div>
<div id="tabs">
<ul class="tabLinks">
<li>
<a href="#tab0">Failed tests</a>
</li>
<li>
<a href="#tab1">Tests</a>
</li>
</ul>
<div id="tab0" class="tab">
<h2>Failed tests</h2>
<div class="test">
<a name="testIsClosed"></a>
<h3 class="failures">testIsClosed</h3>
<span class="code">
<pre>java.lang.AssertionError: Sets differ: expected [ru.stqa.pft.rest.Issue@35e2284d, ru.stqa.pft.rest.Issue@452a5833, ru.stqa.pft.rest.Issue@6a1a5200, ru.stqa.pft.rest.Issue@6a1a55c1, ru.stqa.pft.rest.Issue@b0ad18e2, ru.stqa.pft.rest.Issue@b0ad1ca3, ru.stqa.pft.rest.Issue@b0ad2064, ru.stqa.pft.rest.Issue@130efee5, ru.stqa.pft.rest.Issue@130f02a6, ru.stqa.pft.rest.Issue@130f0667, ru.stqa.pft.rest.Issue@130f0de9, ru.stqa.pft.rest.Issue@130f11aa, ru.stqa.pft.rest.Issue@130f156b, ru.stqa.pft.rest.Issue@130f192c, ru.stqa.pft.rest.Issue@6a17362c, ru.stqa.pft.rest.Issue@6a1739ed, ru.stqa.pft.rest.Issue@6a173dae, ru.stqa.pft.rest.Issue@6a17416f, ru.stqa.pft.rest.Issue@6a174530, ru.stqa.pft.rest.Issue@549f0a31, ru.stqa.pft.rest.Issue@130f1ced] but got [ru.stqa.pft.rest.Issue@35e2284d, ru.stqa.pft.rest.Issue@452a5833, ru.stqa.pft.rest.Issue@6a1a5200, ru.stqa.pft.rest.Issue@6a1a55c1, ru.stqa.pft.rest.Issue@b0ad18e2, ru.stqa.pft.rest.Issue@b0ad1ca3, ru.stqa.pft.rest.Issue@b0ad2064, ru.stqa.pft.rest.Issue@130efee5, ru.stqa.pft.rest.Issue@130f02a6, ru.stqa.pft.rest.Issue@130f0667, ru.stqa.pft.rest.Issue@130f0de9, ru.stqa.pft.rest.Issue@130f11aa, ru.stqa.pft.rest.Issue@130f156b, ru.stqa.pft.rest.Issue@130f192c, ru.stqa.pft.rest.Issue@130f1ced, ru.stqa.pft.rest.Issue@6a17362c, ru.stqa.pft.rest.Issue@6a1739ed, ru.stqa.pft.rest.Issue@6a173dae, ru.stqa.pft.rest.Issue@6a17416f, ru.stqa.pft.rest.Issue@6a174530]
	at org.testng.Assert.fail(Assert.java:99)
	at org.testng.Assert.assertEquals(Assert.java:1357)
	at org.testng.Assert.assertEquals(Assert.java:1323)
	at ru.stqa.pft.rest.RestAssuredTests.testIsClosed(RestAssuredTests.java:34)
	at sun.reflect.NativeMethodAccessorImpl.invoke0(Native Method)
	at sun.reflect.NativeMethodAccessorImpl.invoke(NativeMethodAccessorImpl.java:62)
	at sun.reflect.DelegatingMethodAccessorImpl.invoke(DelegatingMethodAccessorImpl.java:43)
	at java.lang.reflect.Method.invoke(Method.java:498)
	at org.testng.internal.MethodInvocationHelper.invokeMethod(MethodInvocationHelper.java:133)
	at org.testng.internal.TestInvoker.invokeMethod(TestInvoker.java:598)
	at org.testng.internal.TestInvoker.invokeTestMethod(TestInvoker.java:173)
	at org.testng.internal.MethodRunner.runInSequence(MethodRunner.java:46)
	at org.testng.internal.TestInvoker$MethodInvocationAgent.invoke(TestInvoker.java:824)
	at org.testng.internal.TestInvoker.invokeTestMethods(TestInvoker.java:146)
	at org.testng.internal.TestMethodWorker.invokeTestMethods(TestMethodWorker.java:146)
	at org.testng.internal.TestMethodWorker.run(TestMethodWorker.java:128)
	at java.util.ArrayList.forEach(ArrayList.java:1259)
	at org.testng.TestRunner.privateRun(TestRunner.java:794)
	at org.testng.TestRunner.run(TestRunner.java:596)
	at org.testng.SuiteRunner.runTest(SuiteRunner.java:377)
	at org.testng.SuiteRunner.runSequentially(SuiteRunner.java:371)
	at org.testng.SuiteRunner.privateRun(SuiteRunner.java:332)
	at org.testng.SuiteRunner.run(SuiteRunner.java:276)
	at org.testng.SuiteRunnerWorker.runSuite(SuiteRunnerWorker.java:53)
	at org.testng.SuiteRunnerWorker.run(SuiteRunnerWorker.java:96)
	at org.testng.TestNG.runSuitesSequentially(TestNG.java:1212)
	at org.testng.TestNG.runSuitesLocally(TestNG.java:1134)
	at org.testng.TestNG.runSuites(TestNG.java:1063)
	at org.testng.TestNG.run(TestNG.java:1031)
	at org.gradle.api.internal.tasks.testing.testng.TestNGTestClassProcessor.runTests(TestNGTestClassProcessor.java:145)
	at org.gradle.api.internal.tasks.testing.testng.TestNGTestClassProcessor.stop(TestNGTestClassProcessor.java:92)
	at org.gradle.api.internal.tasks.testing.SuiteTestClassProcessor.stop(SuiteTestClassProcessor.java:62)
	at sun.reflect.NativeMethodAccessorImpl.invoke0(Native Method)
	at sun.reflect.NativeMethodAccessorImpl.invoke(NativeMethodAccessorImpl.java:62)
	at sun.reflect.DelegatingMethodAccessorImpl.invoke(DelegatingMethodAccessorImpl.java:43)
	at java.lang.reflect.Method.invoke(Method.java:498)
	at org.gradle.internal.dispatch.ReflectionDispatch.dispatch(ReflectionDispatch.java:36)
	at org.gradle.internal.dispatch.ReflectionDispatch.dispatch(ReflectionDispatch.java:24)
	at org.gradle.internal.dispatch.ContextClassLoaderDispatch.dispatch(ContextClassLoaderDispatch.java:33)
	at org.gradle.internal.dispatch.ProxyDispatchAdapter$DispatchingInvocationHandler.invoke(ProxyDispatchAdapter.java:94)
	at com.sun.proxy.$Proxy2.stop(Unknown Source)
	at org.gradle.api.internal.tasks.testing.worker.TestWorker$3.run(TestWorker.java:193)
	at org.gradle.api.internal.tasks.testing.worker.TestWorker.executeAndMaintainThreadName(TestWorker.java:129)
	at org.gradle.api.internal.tasks.testing.worker.TestWorker.execute(TestWorker.java:100)
	at org.gradle.api.internal.tasks.testing.worker.TestWorker.execute(TestWorker.java:60)
	at org.gradle.process.internal.worker.child.ActionExecutionWorker.execute(ActionExecutionWorker.java:56)
	at org.gradle.process.internal.worker.child.SystemApplicationClassLoaderWorker.call(SystemApplicationClassLoaderWorker.java:113)
	at org.gradle.process.internal.worker.child.SystemApplicationClassLoaderWorker.call(SystemApplicationClassLoaderWorker.java:65)
	at worker.org.gradle.process.internal.worker.GradleWorkerMain.run(GradleWorkerMain.java:69)
	at worker.org.gradle.process.internal.worker.GradleWorkerMain.main(GradleWorkerMain.java:74)
</pre>
</span>
</div>
<div class="test">
<a name="testIsNotClosed"></a>
<h3 class="failures">testIsNotClosed</h3>
<span class="code">
<pre>java.lang.AssertionError: Sets differ: expected [ru.stqa.pft.rest.Issue@35e2284d, ru.stqa.pft.rest.Issue@452a5833, ru.stqa.pft.rest.Issue@6a1a5200, ru.stqa.pft.rest.Issue@6a1a55c1, ru.stqa.pft.rest.Issue@b0ad18e2, ru.stqa.pft.rest.Issue@b0ad1ca3, ru.stqa.pft.rest.Issue@b0ad2064, ru.stqa.pft.rest.Issue@130efee5, ru.stqa.pft.rest.Issue@130f02a6, ru.stqa.pft.rest.Issue@130f0667, ru.stqa.pft.rest.Issue@130f0de9, ru.stqa.pft.rest.Issue@130f11aa, ru.stqa.pft.rest.Issue@130f156b, ru.stqa.pft.rest.Issue@130f192c, ru.stqa.pft.rest.Issue@130f1ced, ru.stqa.pft.rest.Issue@6a17362c, ru.stqa.pft.rest.Issue@6a1739ed, ru.stqa.pft.rest.Issue@6a173dae, ru.stqa.pft.rest.Issue@6a17416f, ru.stqa.pft.rest.Issue@6a174530, ru.stqa.pft.rest.Issue@130f20ae] but got [ru.stqa.pft.rest.Issue@35e2284d, ru.stqa.pft.rest.Issue@452a5833, ru.stqa.pft.rest.Issue@6a1a5200, ru.stqa.pft.rest.Issue@6a1a55c1, ru.stqa.pft.rest.Issue@b0ad18e2, ru.stqa.pft.rest.Issue@b0ad1ca3, ru.stqa.pft.rest.Issue@b0ad2064, ru.stqa.pft.rest.Issue@130efee5, ru.stqa.pft.rest.Issue@130f02a6, ru.stqa.pft.rest.Issue@130f0667, ru.stqa.pft.rest.Issue@130f0de9, ru.stqa.pft.rest.Issue@130f11aa, ru.stqa.pft.rest.Issue@130f156b, ru.stqa.pft.rest.Issue@130f192c, ru.stqa.pft.rest.Issue@130f1ced, ru.stqa.pft.rest.Issue@130f20ae, ru.stqa.pft.rest.Issue@6a17362c, ru.stqa.pft.rest.Issue@6a1739ed, ru.stqa.pft.rest.Issue@6a173dae, ru.stqa.pft.rest.Issue@6a17416f]
	at org.testng.Assert.fail(Assert.java:99)
	at org.testng.Assert.assertEquals(Assert.java:1357)
	at org.testng.Assert.assertEquals(Assert.java:1323)
	at ru.stqa.pft.rest.RestAssuredTests.testIsNotClosed(RestAssuredTests.java:44)
	at sun.reflect.NativeMethodAccessorImpl.invoke0(Native Method)
	at sun.reflect.NativeMethodAccessorImpl.invoke(NativeMethodAccessorImpl.java:62)
	at sun.reflect.DelegatingMethodAccessorImpl.invoke(DelegatingMethodAccessorImpl.java:43)
	at java.lang.reflect.Method.invoke(Method.java:498)
	at org.testng.internal.MethodInvocationHelper.invokeMethod(MethodInvocationHelper.java:133)
	at org.testng.internal.TestInvoker.invokeMethod(TestInvoker.java:598)
	at org.testng.internal.TestInvoker.invokeTestMethod(TestInvoker.java:173)
	at org.testng.internal.MethodRunner.runInSequence(MethodRunner.java:46)
	at org.testng.internal.TestInvoker$MethodInvocationAgent.invoke(TestInvoker.java:824)
	at org.testng.internal.TestInvoker.invokeTestMethods(TestInvoker.java:146)
	at org.testng.internal.TestMethodWorker.invokeTestMethods(TestMethodWorker.java:146)
	at org.testng.internal.TestMethodWorker.run(TestMethodWorker.java:128)
	at java.util.ArrayList.forEach(ArrayList.java:1259)
	at org.testng.TestRunner.privateRun(TestRunner.java:794)
	at org.testng.TestRunner.run(TestRunner.java:596)
	at org.testng.SuiteRunner.runTest(SuiteRunner.java:377)
	at org.testng.SuiteRunner.runSequentially(SuiteRunner.java:371)
	at org.testng.SuiteRunner.privateRun(SuiteRunner.java:332)
	at org.testng.SuiteRunner.run(SuiteRunner.java:276)
	at org.testng.SuiteRunnerWorker.runSuite(SuiteRunnerWorker.java:53)
	at org.testng.SuiteRunnerWorker.run(SuiteRunnerWorker.java:96)
	at org.testng.TestNG.runSuitesSequentially(TestNG.java:1212)
	at org.testng.TestNG.runSuitesLocally(TestNG.java:1134)
	at org.testng.TestNG.runSuites(TestNG.java:1063)
	at org.testng.TestNG.run(TestNG.java:1031)
	at org.gradle.api.internal.tasks.testing.testng.TestNGTestClassProcessor.runTests(TestNGTestClassProcessor.java:145)
	at org.gradle.api.internal.tasks.testing.testng.TestNGTestClassProcessor.stop(TestNGTestClassProcessor.java:92)
	at org.gradle.api.internal.tasks.testing.SuiteTestClassProcessor.stop(SuiteTestClassProcessor.java:62)
	at sun.reflect.NativeMethodAccessorImpl.invoke0(Native Method)
	at sun.reflect.NativeMethodAccessorImpl.invoke(NativeMethodAccessorImpl.java:62)
	at sun.reflect.DelegatingMethodAccessorImpl.invoke(DelegatingMethodAccessorImpl.java:43)
	at java.lang.reflect.Method.invoke(Method.java:498)
	at org.gradle.internal.dispatch.ReflectionDispatch.dispatch(ReflectionDispatch.java:36)
	at org.gradle.internal.dispatch.ReflectionDispatch.dispatch(ReflectionDispatch.java:24)
	at org.gradle.internal.dispatch.ContextClassLoaderDispatch.dispatch(ContextClassLoaderDispatch.java:33)
	at org.gradle.internal.dispatch.ProxyDispatchAdapter$DispatchingInvocationHandler.invoke(ProxyDispatchAdapter.java:94)
	at com.sun.proxy.$Proxy2.stop(Unknown Source)
	at org.gradle.api.internal.tasks.testing.worker.TestWorker$3.run(TestWorker.java:193)
	at org.gradle.api.internal.tasks.testing.worker.TestWorker.executeAndMaintainThreadName(TestWorker.java:129)
	at org.gradle.api.internal.tasks.testing.worker.TestWorker.execute(TestWorker.java:100)
	at org.gradle.api.internal.tasks.testing.worker.TestWorker.execute(TestWorker.java:60)
	at org.gradle.process.internal.worker.child.ActionExecutionWorker.execute(ActionExecutionWorker.java:56)
	at org.gradle.process.internal.worker.child.SystemApplicationClassLoaderWorker.call(SystemApplicationClassLoaderWorker.java:113)
	at org.gradle.process.internal.worker.child.SystemApplicationClassLoaderWorker.call(SystemApplicationClassLoaderWorker.java:65)
	at worker.org.gradle.process.internal.worker.GradleWorkerMain.run(GradleWorkerMain.java:69)
	at worker.org.gradle.process.internal.worker.GradleWorkerMain.main(GradleWorkerMain.java:74)
</pre>
</span>
</div>
</div>
<div id="tab1" class="tab">
<h2>Tests</h2>
<table>
<thead>
<tr>
<th>Test</th>
<th>Duration</th>
<th>Result</th>
</tr>
</thead>
<tr>
<td class="failures">testIsClosed</td>
<td class="failures">6.807s</td>
<td class="failures">failed</td>
</tr>
<tr>
<td class="failures">testIsNotClosed</td>
<td class="failures">5.783s</td>
<td class="failures">failed</td>
</tr>
</table>
</div>
</div>
<div id="footer">
<p>
<div>
<label class="hidden" id="label-for-line-wrapping-toggle" for="line-wrapping-toggle">Wrap lines
<input id="line-wrapping-toggle" type="checkbox" autocomplete="off"/>
</label>
</div>Generated by 
<a href="http://www.gradle.org">Gradle 8.0.2</a> at Jul 2, 2023 4:31:58 AM</p>
</div>
</div>
</body>
</html>
